   start Initialize @ 13:27:25.524 -------------------------
&BEAMPARS
 BASE="SKx/Coarse          ",
 DATABASE="SKA/                ",
 ANTENNALAYOUT=F,
 DEL_Z=  20.000000000000000     ,
 DEL_TR=  20.000000000000000     ,
 ZETA_K=  2.0000000000000000E-002, 0.10000000000000001     , 0.20000000000000001     , 0.50000000000000000     ,  1.5000000000000000     ,
   2.5000000000000000     ,  3.5000000000000000     ,  4.5000000000000000     ,  5.5000000000000000     ,  7.0000000000000000     ,  8.5000000000000000     ,
   10.000000000000000     ,  12.000000000000000     ,  14.000000000000000     ,  17.000000000000000     ,  20.000000000000000     , -1.0000000000000000     ,
  8*0.0000000000000000       ,
 N_H=100        ,
 D_H= 0.20000000000000001     ,
 DN_TR=5          ,
 N_PHIR=5          ,
 D_CRMAX=  20.000000000000000     ,
 DISTMAX=  500.00000000000000     ,
 /
 del_z, del_tr:   200.00000000000000        200.00000000000000     
 Use regular radial antenna spacing.
 Minimum distance of antennas to core=   0.0000000000000000      , max distance=   500.00000000000000     
Antenna separation=  10.00[m], trace length= 1094[samples], sampling time= 0.300[m], offset=  100.0[m]
Frequency bandwidth=  48.00 -- 300.00[MHz], ground level @ 0.000[m], Zenith angle=  43.000[deg], azimuth=   0.000
 !E_max=           1   10.000000000000000        9209900.0000000000     
 !E_max=           2   20.000000000000000        9700000.0000000000     
 !E_max=           3   30.000000000000000        10816000.000000000     
 !E_max=           4   40.000000000000000        11403000.000000000     
 !E_max=           5   50.000000000000000        12370000.000000000     
 !E_max=           6   60.000000000000000        13055000.000000000     
 !E_max=           7   70.000000000000000        12807000.000000000     
 !E_max=           8   80.000000000000000        13019000.000000000     
 !E_max=           9   90.000000000000000        12364000.000000000     
 !E_max=          10   100.00000000000000        11164000.000000000     
 !E_max=          11   110.00000000000000        10781000.000000000     
 !E_max=          12   120.00000000000000        9076300.0000000000     
 !E_max=          13   130.00000000000000        8132500.0000000000     
 !E_max=          14   140.00000000000000        7251900.0000000000     
 !E_max=          15   150.00000000000000        5958700.0000000000     
 !E_max=          16   160.00000000000000        4816400.0000000000     
 !E_max=          17   170.00000000000000        4240300.0000000000     
 !E_max=          18   180.00000000000000        3530500.0000000000     
 !E_max=          19   190.00000000000000        2813400.0000000000     
 !E_max=          20   200.00000000000000        2256200.0000000000     
 !E_max=          21   210.00000000000000        1798600.0000000000     
 !E_max=          22   220.00000000000000        1437600.0000000000     
 !E_max=          23   230.00000000000000        1157100.0000000000     
 !E_max=          24   240.00000000000000        952950.00000000000     
 !E_max=          25   250.00000000000000        792220.00000000000     
 !E_max=          26   260.00000000000000        636510.00000000000     
 !E_max=          27   270.00000000000000        502010.00000000000     
 !E_max=          28   280.00000000000000        425490.00000000000     
 !E_max=          29   290.00000000000000        357830.00000000000     
 !E_max=          30   300.00000000000000        292050.00000000000     
 !E_max=          31   310.00000000000000        248220.00000000000     
 !E_max=          32   320.00000000000000        204770.00000000000     
 !E_max=          33   330.00000000000000        171200.00000000000     
 !E_max=          34   340.00000000000000        141190.00000000000     
 !E_max=          35   350.00000000000000        114920.00000000000     
 !E_max=          36   360.00000000000000        98182.000000000000     
 !E_max=          37   370.00000000000000        86379.000000000000     
 !E_max=          38   380.00000000000000        98187.000000000000     
 !E_max=          39   390.00000000000000        99244.000000000000     
 !E_max=          40   400.00000000000000        76878.000000000000     
 !E_max=          41   410.00000000000000        66422.000000000000     
 !E_max=          42   420.00000000000000        78416.000000000000     
 !E_max=          43   430.00000000000000        86952.000000000000     
 !E_max=          44   440.00000000000000        94461.000000000000     
 !E_max=          45   450.00000000000000        113770.00000000000     
 !E_max=          46   460.00000000000000        118720.00000000000     
 !E_max=          47   470.00000000000000        111970.00000000000     
 !E_max=          48   480.00000000000000        103300.00000000000     
 !E_max=          49   490.00000000000000        116320.00000000000     
 !E_max=          50   500.00000000000000        96135.000000000000     
 Timing off-set correction=  0.20019999999999999      [m]  0.79980000000000007       0.19969999999999999     
 DistMax=   500.00000000000000      [m]
 Generating atmosphere for shower zenith angle [degree]=   43.000000000000000     
 !Atmosphere pendepth:   179.00888041644703        1415.2645958763896     
   start Initialize @ 13:27:25.601 -------------------------
Refractivity at sea level=   2.920x 10^{-4}, Moliere radius=   0.0[m], f(h) shape 4 with L=0.05[m], L@100m= 7.00[m]
 !PancakeInit:   0.0000000000000000             2000          75   10.000000000000000        7.0000000000000000        5.0000000000000003E-002
parametrization radial dependence of \lambda; @r=0: 0.05, @r= 1.0m: 0.07, @r= 750.0m:   0.1
 Alpha_tr set equal to    1.0048000002279878     
 Moli_tc is set automatically to    50.000000000000000       m, distance from ground to X_max=   13.330000000000000       km
 ***********Moli_tc is set back to the default    50.000000000000000       m, distance from ground to X_max=   13.330000000000000       km
 !Lateral; Moli_tc, norm_tc=   50.000000000000000        7.1776039289072155E-002
 !ReCreate? T   0.0000000000000000                1   0.0000000000000000     
!zeta_K=  0.020  0.100  0.200  0.500  1.500  2.500  3.500  4.500  5.500  7.000  8.500 10.000 12.000 14.000 17.000 20.000 -1.000  0.000  0.000  0.000  0.000  0.000  0.000  0.000  0.000
   start Generate Kernel @ 13:27:25.609 -------------------------
 SourceKernel,zeta_f,rs:   20.000000000000000        0.0000000000000000                1   0.0000000000000000      43000000000         
 !KernelCreate, zeta_f, rs_0, Z_min, Z_max, N_phi0, phi_0:   20.000000000000000        0.0000000000000000        10.000000000000000        8550.0000000000000                1   0.0000000000000000     
 !KernelCreate, N_h, d_h, dN_tr, N_phir, d_crMax:         100  0.20000000000000001                5           5   20.000000000000000     
input parameters: zeta_f=    20., rs_0=    0.0, Z_min=    10., Z_max=  8550., phi_0=    0., N_phi0=  1, DistMax=   500., label=43000000000         
hard set parameters: N_h= 100, h_range= 20.0, dN_tr=  5, N_phir=  5
 trhMax(1:2)          -6           0 , N_h=         100
 i_h,N_h,i_t-1,N_tr-i_t-1:          -1         100          -1         169
  t_r [m]:
h_max [m]:
Value@max:
 trMax(:)           0           0           1           0           1           1           0           0           1           0           0           0           0           0           1           0           0           0           0           0           0           3           1           0           1           0           0           0           3           2           0           0           1           0           1           1           0           0           0           0           0           0           0           0           0           3           0           0           0           0           0           0           0           0           0           0           0           0           5           0           2           0           1           2           0           0           0           0           1           0           1           1           0           0           0           0           1           0           0           0           0           0           0           0           0           1           2           0           0           5           2           1           1           0           0           0           0           0           0           0           0           0           0           0           0           1           0           1           0           0           1           0           0           2           0           0           1           1           0           0           0           0           2           0           0           1           0           0           2           1           0           3           0           1           0           0           0           3           1           0           0           0           0           0           1           0           0           0           0           0           0           1           0           0           0           0           0           0           0           0           1           1           1           1           0           1           0           0           0           1           0           0           0           0           0           0           0           0           0           0           0           0           0           0           0           0           2           0           0           2           3           0           0           0           2           0           0           0           4           0
 writing file "SKx/Coarsex-SrcKrnl-43000000000.grd"
 MaxWF,   7.2060E-05
 writing file "SKx/Coarsex-SrcKrnl-43000000000.z"
   start Generate Kernel @ 13:29:51.499 -------------------------
 SourceKernel,zeta_f,rs:   100.00000000000000        0.0000000000000000                1   0.0000000000000000      43000100000         
 !KernelCreate, zeta_f, rs_0, Z_min, Z_max, N_phi0, phi_0:   100.00000000000000        0.0000000000000000        10.000000000000000        10050.000000000000                1   0.0000000000000000     
 !KernelCreate, N_h, d_h, dN_tr, N_phir, d_crMax:         100  0.20000000000000001                5           5   20.000000000000000     
input parameters: zeta_f=   100., rs_0=    0.0, Z_min=    10., Z_max= 10050., phi_0=    0., N_phi0=  1, DistMax=   500., label=43000100000         
hard set parameters: N_h= 100, h_range= 20.0, dN_tr=  5, N_phir=  5
 trhMax(1:2)           1           1 , N_h=         100
 i_h,N_h,i_t-1,N_tr-i_t-1:           0         100           0         198
  t_r [m]:     100.0
h_max [m]:     0.100
Value@max: -0.11E-04
 trMax(:)           1           0           0           2           0           2           4           1           1           1           1           2           3           0           2           2           3           2           2           1           2           2           1           2           1           2           1           1           1          10           2           0           0           0           2           1           1           2           1           2           2           1           3           1           2           1           1           0           1           3           1           0           1           1           1           2           1           2           0           1           1           4           0           0           1           4           0           1           2           1           1           1           2           0           1           1           1           4           2           1           1           3           0           0           1           1           0           2           2           1           0           1           1           1           1           0           1           0           1           0           1           1           1           1           1           0           3           0           0           0           0           1           0           0           1           0           2           0           0           0           0           0           0           1           1           0           0           1           1           1           0           0           1           1           1           0           2           0           0           0           1           1           0           0           0           0           0           0           1           1           0           1           0           0           0           0           3           1           0           1           1           1           1           0           0           1           1           0           1           1           1           0           1           0           0           0           0           0           0           0           0           1           1           1           1           1           2           1           0           0           0           0           1           1           1           0           0           1           1           0
 writing file "SKx/Coarsex-SrcKrnl-43000100000.grd"
 MaxWF,   1.3708E-04
 writing file "SKx/Coarsex-SrcKrnl-43000100000.z"
   start Generate Kernel @ 13:32:39. 61 -------------------------
 SourceKernel,zeta_f,rs:   200.00000000000000        0.0000000000000000                1   0.0000000000000000      43000200000         
 !KernelCreate, zeta_f, rs_0, Z_min, Z_max, N_phi0, phi_0:   200.00000000000000        0.0000000000000000        10.000000000000000        12050.000000000000                1   0.0000000000000000     
 !KernelCreate, N_h, d_h, dN_tr, N_phir, d_crMax:         100  0.20000000000000001                5           5   20.000000000000000     
input parameters: zeta_f=   200., rs_0=    0.0, Z_min=    10., Z_max= 12050., phi_0=    0., N_phi0=  1, DistMax=   500., label=43000200000         
hard set parameters: N_h= 100, h_range= 20.0, dN_tr=  5, N_phir=  5
 trhMax(1:2)           1           3 , N_h=         100
 i_h,N_h,i_t-1,N_tr-i_t-1:           2         100           2         236
  t_r [m]:     100.0     150.0     200.0     250.0     300.0
h_max [m]:    -0.500    18.100     0.100   -19.300   -19.100
Value@max:  0.17E-04  0.73E-05 -0.11E-04 -0.29E-05 -0.17E-05
 trMax(:)           3           3           3           4           5           4           5           4           4           4           5           4           5           4           3           3           3           4           5           3           4           2           2           5           3           1           4           3           1           3           3           4           4           3           5           5           2           3           5           3           4           2           3           4           4           0           7           1           3           3           4           6           7           5           3           2           4           3           2           2           4           4           1           1           0           4           5           3           3           3           2           2           2           3           2           6           3           3           2           2           2           3           2           4           2           2           2           2           3           2           2           1           1           2           2           2           3           1           3           3           3           3           3           3           3           3           2           4           2           0           2           2           1           2           3           2           3           1           3           3           4           0           4           3           2           2           0           3           1           3           0           0           3           3           1           0           1           2           3           3           2           0           2           2           1           2           3           3           2           3           4           1           0           1           2           2           3           2           1           0           0           1           1           1           4           3           3           3           2           1           0           2           3           3           0           2           0           2           3           1           2           3           2           2           1           2           2           2           1           1           2           4           2           2           2           2           0           2           0           0
 writing file "SKx/Coarsex-SrcKrnl-43000200000.grd"
 MaxWF,   1.3905E-04
 writing file "SKx/Coarsex-SrcKrnl-43000200000.z"
   start Generate Kernel @ 13:35:58.243 -------------------------
 SourceKernel,zeta_f,rs:   500.00000000000000        0.0000000000000000                1   0.0000000000000000      43000500000         
 !KernelCreate, zeta_f, rs_0, Z_min, Z_max, N_phi0, phi_0:   500.00000000000000        0.0000000000000000        10.000000000000000        14050.000000000000                1   0.0000000000000000     
 !KernelCreate, N_h, d_h, dN_tr, N_phir, d_crMax:         100  0.20000000000000001                5           5   20.000000000000000     
input parameters: zeta_f=   500., rs_0=    0.0, Z_min=    10., Z_max= 14050., phi_0=    0., N_phi0=  1, DistMax=   500., label=43000500000         
hard set parameters: N_h= 100, h_range= 20.0, dN_tr=  5, N_phir=  5
 trhMax(1:2)           1           9 , N_h=         100
 i_h,N_h,i_t-1,N_tr-i_t-1:           8         100           8         270
  t_r [m]:     100.0     150.0     200.0     250.0     300.0     350.0     400.0     450.0     500.0     550.0     600.0     650.0     700.0     750.0     800.0     850.0     900.0
h_max [m]:    -0.500     1.300    -0.100     0.100     0.100     0.100    -0.300    -0.700     0.100   -12.700   -19.500    -9.700   -14.500   -13.300   -19.300     1.900   -19.500
Value@max:  0.21E-05  0.17E-05  0.34E-05  0.22E-05  0.42E-05  0.92E-05  0.90E-05  0.10E-04 -0.14E-04  0.67E-06  0.26E-06 -0.15E-05 -0.17E-05 -0.20E-05 -0.18E-05 -0.16E-05 -0.17E-05
 trMax(:)          10           9          11          15          11          12          13          13          21          14          12          11          13           7           9           7           9           8           8           8           8           8          11           9          10           9          11          12          12           9          10          10          13          10           9          11          10           9          10           8           8           8          11          10          14          10           9          10           9          11          12          10          12           9           9          10           8           8           8           8           8           8           8           8          10          12          10           9           8           8           7           6          10           8          11           8           7           8           8           8           8           8           7           7           7           7           8           7          10           8           8           7           8           7           9           7           8           9           7           9           9           9           9           9           9           5           6           6           5           8           1           5           8           8           2           5           8           5           5          10           1           9           5           0           0          10           5          10           9           7           8          11           7           0           7           9          10          10           9           8           0          11           1           2           8           1           6          10          10          10          10          10          10           9           7          11           6           7           7           7           6           8           6          10           4           8           6          10           8          10           8          10          10           7           5           6           7           4           2           9           7           1           7           7          10           7           8           5           6           7           8          10           5           5           7           8           5           8           9           8
 writing file "SKx/Coarsex-SrcKrnl-43000500000.grd"
 MaxWF,   1.1375E-04
 writing file "SKx/Coarsex-SrcKrnl-43000500000.z"
   start Generate Kernel @ 13:39:36. 90 -------------------------
 SourceKernel,zeta_f,rs:   1500.0000000000000        0.0000000000000000                1   0.0000000000000000      43001500000         
 !KernelCreate, zeta_f, rs_0, Z_min, Z_max, N_phi0, phi_0:   1500.0000000000000        0.0000000000000000        10.000000000000000        17050.000000000000                1   0.0000000000000000     
 !KernelCreate, N_h, d_h, dN_tr, N_phir, d_crMax:         100  0.20000000000000001                5           5   20.000000000000000     
input parameters: zeta_f=  1500., rs_0=    0.0, Z_min=    10., Z_max= 17050., phi_0=    0., N_phi0=  1, DistMax=   500., label=43001500000         
hard set parameters: N_h= 100, h_range= 20.0, dN_tr=  5, N_phir=  5
 trhMax(1:2)           1          29 , N_h=         100
 i_h,N_h,i_t-1,N_tr-i_t-1:          28         100          28         310
  t_r [m]:     100.0     150.0     200.0     250.0     300.0     350.0     400.0     450.0     500.0     550.0     600.0     650.0     700.0     750.0     800.0     850.0     900.0     950.0    1000.0    1050.0    1100.0    1150.0    1200.0    1250.0    1300.0    1350.0    1400.0    1450.0    1500.0    1550.0    1600.0    1650.0    1700.0    1750.0    1800.0    1850.0    1900.0    1950.0    2000.0    2050.0    2100.0    2150.0    2200.0    2250.0    2300.0    2350.0    2400.0    2450.0    2500.0    2550.0    2600.0    2650.0    2700.0    2750.0    2800.0    2850.0    2900.0
h_max [m]:     0.100    -0.100    -0.100    -0.100     0.900     1.100     0.700    -0.100     0.100    -0.100     0.100     0.300     0.300     0.500     0.100     0.100     0.100     0.100     0.300    -0.100    -0.100    -0.100    -0.100    -0.100    -0.100    -0.100    -0.100    -1.700     0.100    -1.300    -4.100    -6.100    -7.700   -10.100   -10.300    -9.100   -16.300   -15.300     2.700   -19.300   -13.100   -15.300     2.100     2.300   -18.500     2.300   -12.900     1.500     2.100     1.900     1.900   -15.100     1.900     1.900     2.300     1.700     2.100
Value@max:  0.13E-06  0.23E-06  0.19E-06  0.19E-06  0.27E-06  0.28E-06  0.43E-06  0.40E-06  0.59E-06  0.48E-06  0.65E-06  0.67E-06  0.71E-06  0.11E-05  0.11E-05  0.15E-05  0.12E-05  0.20E-05  0.18E-05  0.28E-05  0.41E-05  0.42E-05  0.58E-05  0.79E-05  0.10E-04  0.13E-04  0.13E-04  0.92E-05 -0.13E-04  0.78E-05  0.14E-05 -0.78E-07 -0.13E-05 -0.30E-05 -0.35E-05 -0.36E-05 -0.34E-05 -0.35E-05 -0.34E-05 -0.33E-05 -0.33E-05 -0.30E-05 -0.28E-05 -0.26E-05 -0.27E-05 -0.25E-05 -0.23E-05 -0.22E-05 -0.21E-05 -0.19E-05 -0.19E-05 -0.18E-05 -0.17E-05 -0.16E-05 -0.15E-05 -0.14E-05 -0.14E-05
 trMax(:)          40          41          38          40          39          41          39          40          40          41          38          40          36          39          35          36          42          38          37          40          38          37          37          38          37          37          40          37          37          36          36          37          36          36          34          35          35          33          35          32          35          35          36          33          37          34          36          34          35          34          30          34          36          34          36          32          33          34          33          34          36          33          31          33          33          31          32          33          30          32          33          32          29          30          32          32          30          27          27          31          29          29          29          27          27          27          29          31          28          27          30          28          27          30          28          27          26          26          26          24          29          29           0          29          24          24          22          21          20          21          28          28          19          28          31          30          31          22          32          32          32           1          28          30          30          20          31          31          31          33          33           0          27          29           0           0          32          27           0           0           0          29          27          25          27          25          27          25          28          25          20          27           0           1          24          26          26          26          26          24          27          24          26          26          26          25          24          25          25          25          25          14          26          18          26          25          21          17          25          23          24           0          22          25          26          21          11          24          25          22          24           0           0          24          24          11          22           0          14          23
 writing file "SKx/Coarsex-SrcKrnl-43001500000.grd"
 MaxWF,   6.1587E-05
 writing file "SKx/Coarsex-SrcKrnl-43001500000.z"
   start Generate Kernel @ 13:43:31.869 -------------------------
 SourceKernel,zeta_f,rs:   2500.0000000000000        0.0000000000000000                1   0.0000000000000000      43002500000         
 !KernelCreate, zeta_f, rs_0, Z_min, Z_max, N_phi0, phi_0:   2500.0000000000000        0.0000000000000000        10.000000000000000        20050.000000000000                1   0.0000000000000000     
 !KernelCreate, N_h, d_h, dN_tr, N_phir, d_crMax:         100  0.20000000000000001                5           5   20.000000000000000     
input parameters: zeta_f=  2500., rs_0=    0.0, Z_min=    10., Z_max= 20050., phi_0=    0., N_phi0=  1, DistMax=   500., label=43002500000         
hard set parameters: N_h= 100, h_range= 20.0, dN_tr=  5, N_phir=  5
 trhMax(1:2)           1          49 , N_h=         100
 i_h,N_h,i_t-1,N_tr-i_t-1:          30         100          48         348
  t_r [m]:    1000.0    1050.0    1100.0    1150.0    1200.0    1250.0    1300.0    1350.0    1400.0    1450.0    1500.0    1550.0    1600.0    1650.0    1700.0    1750.0    1800.0    1850.0    1900.0    1950.0    2000.0    2050.0    2100.0    2150.0    2200.0    2250.0    2300.0    2350.0    2400.0    2450.0    2500.0    2550.0    2600.0    2650.0    2700.0    2750.0    2800.0    2850.0    2900.0    2950.0    3000.0    3050.0    3100.0    3150.0    3200.0    3250.0    3300.0    3350.0    3400.0    3450.0    3500.0    3550.0    3600.0    3650.0    3700.0    3750.0    3800.0    3850.0    3900.0    3950.0    4000.0
h_max [m]:    -0.100     0.100     0.100     0.100     0.100     0.100     0.100     0.500     0.300     0.100     0.100     0.100     0.300     0.100     0.300    -0.100     0.100    -0.100    -0.100    -0.100     0.100    -0.100     0.100     0.100    -0.100    -0.100    -0.100    -0.100    -0.300    -0.300     0.100    -0.100    -0.700    -1.100    -2.700    -2.500    -2.500    -2.700    -4.300    -3.900    -4.100    -7.300    -7.500    -9.100    -7.700    -7.300   -10.700   -11.700   -11.700   -11.700   -11.500   -11.300   -11.900   -13.900   -13.100   -13.900   -15.100   -16.100   -15.900   -16.900   -17.300
Value@max:  0.17E-06  0.20E-06  0.22E-06  0.25E-06  0.28E-06  0.30E-06  0.31E-06  0.41E-06  0.53E-06  0.49E-06  0.45E-06  0.75E-06  0.80E-06  0.75E-06  0.11E-05  0.11E-05  0.11E-05  0.18E-05  0.18E-05  0.27E-05  0.27E-05  0.41E-05  0.54E-05  0.53E-05  0.72E-05  0.93E-05  0.11E-04  0.15E-04  0.14E-04  0.14E-04 -0.46E-05  0.15E-04  0.49E-05  0.15E-05 -0.38E-06 -0.15E-05 -0.32E-05 -0.37E-05 -0.39E-05 -0.33E-05 -0.42E-05 -0.40E-05 -0.42E-05 -0.37E-05 -0.38E-05 -0.34E-05 -0.35E-05 -0.34E-05 -0.30E-05 -0.30E-05 -0.29E-05 -0.26E-05 -0.26E-05 -0.25E-05 -0.24E-05 -0.22E-05 -0.21E-05 -0.20E-05 -0.19E-05 -0.18E-05 -0.17E-05
 trMax(:)          90          84          84          85          82          82          81          85          82          77          79          79          82          79          81          78          84          79          75          76          77          77          85          74          75          73          74          72          73          71          74          69          71          75          70          74          67          67          65          69          71          66          69          70          67          64          65          63          66          63          62          64          62          61          59          63          62          58          60          56          60          63          61          58          54          60          58          57          55          58          58          53          57          57          56          58          55          55          57          55          54          54          54          54          53          50          53          52          52          52          52          47          46          51          47          51          46          50          50          45          49           0          42          42          48          48          39          41          40          37          39          39          36          38          53           1           1          37           1          55          55          32          51          54          54          48          48          50          48          45          47          46          45           0           0           0           0           0           0           0          40          46          40          43          45          44          43          42          41           1          42          43          39           0           1          26          42           0          41          40          37          38          41          37          38          40          39          41          40          39          39          37          39          40          41          10           2          38          35          37          38          35          37          39          38          37           0          38          34          34           0           0           0           0           0           0           0           0          32           0
 writing file "SKx/Coarsex-SrcKrnl-43002500000.grd"
 MaxWF,   3.8939E-05
 writing file "SKx/Coarsex-SrcKrnl-43002500000.z"
   start Generate Kernel @ 13:47:50. 42 -------------------------
 SourceKernel,zeta_f,rs:   3500.0000000000000        0.0000000000000000                1   0.0000000000000000      43003500000         
 !KernelCreate, zeta_f, rs_0, Z_min, Z_max, N_phi0, phi_0:   3500.0000000000000        0.0000000000000000        10.000000000000000        20050.000000000000                1   0.0000000000000000     
 !KernelCreate, N_h, d_h, dN_tr, N_phir, d_crMax:         100  0.20000000000000001                5           5   20.000000000000000     
input parameters: zeta_f=  3500., rs_0=    0.0, Z_min=    10., Z_max= 20050., phi_0=    0., N_phi0=  1, DistMax=   500., label=43003500000         
hard set parameters: N_h= 100, h_range= 20.0, dN_tr=  5, N_phir=  5
 trhMax(1:2)           1          69 , N_h=         100
 i_h,N_h,i_t-1,N_tr-i_t-1:          30         100          68         328
  t_r [m]:    2000.0    2050.0    2100.0    2150.0    2200.0    2250.0    2300.0    2350.0    2400.0    2450.0    2500.0    2550.0    2600.0    2650.0    2700.0    2750.0    2800.0    2850.0    2900.0    2950.0    3000.0    3050.0    3100.0    3150.0    3200.0    3250.0    3300.0    3350.0    3400.0    3450.0    3500.0    3550.0    3600.0    3650.0    3700.0    3750.0    3800.0    3850.0    3900.0    3950.0    4000.0    4050.0    4100.0    4150.0    4200.0    4250.0    4300.0    4350.0    4400.0    4450.0    4500.0    4550.0    4600.0    4650.0    4700.0    4750.0    4800.0    4850.0    4900.0    4950.0    5000.0
h_max [m]:     0.100     0.500     0.100     0.300     0.300    -0.100     0.100     0.100     0.300     0.300    -0.100    -0.100    -0.100     0.100     0.100    -0.100    -0.100    -0.100    -0.100     0.100    -0.100     0.100     0.100    -0.100    -0.100    -0.100    -0.100    -0.100    -0.100     0.500     0.100    -0.100    -0.100    -0.300    -0.300    -1.100    -1.700    -1.500    -2.700    -2.100    -2.300    -3.500    -3.500    -3.300    -2.700    -5.500    -5.100    -4.900    -5.900    -5.900    -6.700    -4.900    -5.700    -7.100    -7.700    -8.500    -8.500    -9.100    -7.500    -8.300    -7.500
Value@max:  0.19E-06  0.19E-06  0.17E-06  0.28E-06  0.30E-06  0.28E-06  0.25E-06  0.43E-06  0.49E-06  0.49E-06  0.35E-06  0.67E-06  0.77E-06  0.67E-06  0.12E-05  0.12E-05  0.94E-06  0.19E-05  0.16E-05  0.28E-05  0.24E-05  0.37E-05  0.51E-05  0.47E-05  0.68E-05  0.80E-05  0.10E-04  0.15E-04  0.14E-04  0.18E-04  0.39E-05  0.19E-04  0.79E-05  0.31E-05  0.27E-06  0.13E-06 -0.20E-05 -0.26E-05 -0.42E-05 -0.29E-05 -0.41E-05 -0.43E-05 -0.44E-05 -0.40E-05 -0.41E-05 -0.35E-05 -0.40E-05 -0.38E-05 -0.33E-05 -0.34E-05 -0.32E-05 -0.29E-05 -0.29E-05 -0.29E-05 -0.27E-05 -0.25E-05 -0.24E-05 -0.23E-05 -0.22E-05 -0.21E-05 -0.20E-05
 trMax(:)         181         178         175         172         160         167         165         162         151         157         155         153         159         142         140         145         137         135         139         132         136         134         138         131         125         128         131         125         128         122         125         116         115         117         116         118         111         119         113         110         109         108         110         106         105         104         103         102         101         103          98          97          96          97          96          95          93          94          98          95          90          93          91          89          92          91          89          83          91          85          86          83          84          83          82          82          82          77          76          79          78          78          81          79          77          77          77          76          72          74          74          71          70          73          66          72          71          71          70          70          69          64          68          61          61          58          59          59          53          55          54          55          56          54          53           1          50           1          45          71          46          70          52          70          63          68          66          64          65          64          67          60          61          62           0           0           0           0           0          59          60          63          59          59          58          56          59          56          55          58           1          58           1          59           1          54          57          54          53          51          49          50          52          54          51          49          55          52           0          51          48          47          47          50          47           7          49          49          51          49          46          45          49          49          47          45          44           5          45          14           0          44           0           0           0          43           0           0           0           0
 writing file "SKx/Coarsex-SrcKrnl-43003500000.grd"
 MaxWF,   3.4495E-05
 writing file "SKx/Coarsex-SrcKrnl-43003500000.z"
   start Generate Kernel @ 13:51:50.763 -------------------------
 SourceKernel,zeta_f,rs:   4500.0000000000000        0.0000000000000000                1   0.0000000000000000      43004500000         
 !KernelCreate, zeta_f, rs_0, Z_min, Z_max, N_phi0, phi_0:   4500.0000000000000        0.0000000000000000        10.000000000000000        20050.000000000000                1   0.0000000000000000     
 !KernelCreate, N_h, d_h, dN_tr, N_phir, d_crMax:         100  0.20000000000000001                5           5   20.000000000000000     
input parameters: zeta_f=  4500., rs_0=    0.0, Z_min=    10., Z_max= 20050., phi_0=    0., N_phi0=  1, DistMax=   500., label=43004500000         
hard set parameters: N_h= 100, h_range= 20.0, dN_tr=  5, N_phir=  5
 trhMax(1:2)           1          89 , N_h=         100
 i_h,N_h,i_t-1,N_tr-i_t-1:          30         100          88         308
  t_r [m]:    3000.0    3050.0    3100.0    3150.0    3200.0    3250.0    3300.0    3350.0    3400.0    3450.0    3500.0    3550.0    3600.0    3650.0    3700.0    3750.0    3800.0    3850.0    3900.0    3950.0    4000.0    4050.0    4100.0    4150.0    4200.0    4250.0    4300.0    4350.0    4400.0    4450.0    4500.0    4550.0    4600.0    4650.0    4700.0    4750.0    4800.0    4850.0    4900.0    4950.0    5000.0    5050.0    5100.0    5150.0    5200.0    5250.0    5300.0    5350.0    5400.0    5450.0    5500.0    5550.0    5600.0    5650.0    5700.0    5750.0    5800.0    5850.0    5900.0    5950.0    6000.0
h_max [m]:    -0.100    -0.100     0.100     0.100     0.100    -0.100     0.100    -0.100     0.100    -0.100    -0.100     0.100     0.100     0.100     0.100    -0.100     0.100     0.100     0.100     0.100     0.100     0.100     0.100     0.100     0.100     0.100    -0.100    -0.100    -0.300     0.300     0.100    -0.100    -0.100    -0.100    -0.300    -0.100    -0.100    -0.100    -0.700    -0.300    -0.700    -1.900    -2.100    -2.300    -1.100    -2.500    -2.900    -2.100    -2.900    -3.500    -2.100    -3.100    -4.100    -4.100    -3.100    -5.500    -4.700    -5.500    -4.100    -5.100    -5.500
Value@max:  0.16E-06  0.14E-06  0.12E-06  0.29E-06  0.24E-06  0.20E-06  0.18E-06  0.47E-06  0.37E-06  0.31E-06  0.26E-06  0.77E-06  0.60E-06  0.53E-06  0.11E-05  0.93E-06  0.85E-06  0.17E-05  0.15E-05  0.23E-05  0.21E-05  0.36E-05  0.46E-05  0.39E-05  0.54E-05  0.69E-05  0.11E-04  0.12E-04  0.14E-04  0.19E-04  0.97E-05  0.23E-04  0.97E-05  0.55E-05  0.16E-05  0.33E-06 -0.16E-05 -0.20E-05 -0.38E-05 -0.26E-05 -0.37E-05 -0.41E-05 -0.44E-05 -0.39E-05 -0.42E-05 -0.35E-05 -0.40E-05 -0.39E-05 -0.33E-05 -0.35E-05 -0.34E-05 -0.29E-05 -0.30E-05 -0.30E-05 -0.28E-05 -0.25E-05 -0.25E-05 -0.24E-05 -0.23E-05 -0.22E-05 -0.20E-05
 trMax(:)         398         398         390         376         363         351         393         379         319         309         340         293         284         277         270         263         257         274         267         261         254         229         242         220         231         228         221         204         200         208         193         200         197         193         190         186         175         172         185         174         171         169         160         170         161         165         156         155         152         150         148         146         148         142         153         142         140         132         140         132         133         129         125         128         132         123         131         121         119         120         115         117         116         113         113         111         111         109         111         111         107         107         105         104         103         105         101         100         100         100         100          97          96          95          94          93          93          92          91          90          89          88          80          76          73          79          71          75          69          68          68          71          70          70          70           1           1           1          70          68          59          58          82          63          86          83          78          84          82          75          79          79           0           0           0           0           0           0           0           0          71          74          72          71          74          70          71          69          71          69          68           1           1           1           1          61           0           0          64          68          60          63          65          60          58          62          59          61          53           4          62          66          61          59          59          61          59          55           8           8          19          54          58          57          51          56          21          56          53          52           0           0          52           0           0           0           0           0           0           0
 writing file "SKx/Coarsex-SrcKrnl-43004500000.grd"
 MaxWF,   3.3683E-05
 writing file "SKx/Coarsex-SrcKrnl-43004500000.z"
   start Generate Kernel @ 13:55:40.169 -------------------------
 SourceKernel,zeta_f,rs:   5500.0000000000000        0.0000000000000000                1   0.0000000000000000      43005500000         
 !KernelCreate, zeta_f, rs_0, Z_min, Z_max, N_phi0, phi_0:   5500.0000000000000        0.0000000000000000        10.000000000000000        20050.000000000000                1   0.0000000000000000     
 !KernelCreate, N_h, d_h, dN_tr, N_phir, d_crMax:         100  0.20000000000000001                5           5   20.000000000000000     
input parameters: zeta_f=  5500., rs_0=    0.0, Z_min=    10., Z_max= 20050., phi_0=    0., N_phi0=  1, DistMax=   500., label=43005500000         
hard set parameters: N_h= 100, h_range= 20.0, dN_tr=  5, N_phir=  5
 trhMax(1:2)           1         109 , N_h=         100
 i_h,N_h,i_t-1,N_tr-i_t-1:          30         100         108         288
  t_r [m]:    4000.0    4050.0    4100.0    4150.0    4200.0    4250.0    4300.0    4350.0    4400.0    4450.0    4500.0    4550.0    4600.0    4650.0    4700.0    4750.0    4800.0    4850.0    4900.0    4950.0    5000.0    5050.0    5100.0    5150.0    5200.0    5250.0    5300.0    5350.0    5400.0    5450.0    5500.0    5550.0    5600.0    5650.0    5700.0    5750.0    5800.0    5850.0    5900.0    5950.0    6000.0    6050.0    6100.0    6150.0    6200.0    6250.0    6300.0    6350.0    6400.0    6450.0    6500.0    6550.0    6600.0    6650.0    6700.0    6750.0    6800.0    6850.0    6900.0    6950.0    7000.0
h_max [m]:     0.100     0.300     0.100     0.100     0.100     0.100     0.100    -0.100    -0.100     0.100     0.100     0.100     0.100     0.100     0.100     0.100     0.100     0.100     0.100     0.100     0.100     0.100     0.100     0.100     0.100     0.100     0.100    -0.100    -0.100     0.100     0.100    -0.100    -0.100    -0.100    -0.100    -0.300    -0.100    -0.300    -0.700    -0.100     0.100    -0.900    -0.300    -0.700    -1.100    -1.100    -1.500    -1.500    -0.500    -2.500    -1.700    -2.700    -2.700    -2.500    -2.100    -3.300    -3.100    -3.300    -3.100    -2.300    -3.100
Value@max:  0.12E-06  0.11E-06  0.11E-06  0.19E-06  0.18E-06  0.17E-06  0.16E-06  0.33E-06  0.31E-06  0.27E-06  0.27E-06  0.52E-06  0.51E-06  0.49E-06  0.85E-06  0.83E-06  0.78E-06  0.13E-05  0.13E-05  0.19E-05  0.19E-05  0.30E-05  0.37E-05  0.38E-05  0.52E-05  0.66E-05  0.91E-05  0.12E-04  0.15E-04  0.18E-04  0.14E-04  0.24E-04  0.11E-04  0.77E-05  0.27E-05  0.89E-06 -0.11E-05 -0.18E-05 -0.33E-05 -0.26E-05 -0.35E-05 -0.38E-05 -0.39E-05 -0.38E-05 -0.39E-05 -0.35E-05 -0.38E-05 -0.38E-05 -0.33E-05 -0.34E-05 -0.33E-05 -0.29E-05 -0.30E-05 -0.29E-05 -0.27E-05 -0.25E-05 -0.25E-05 -0.24E-05 -0.23E-05 -0.22E-05 -0.21E-05
 trMax(:)           2           5           0           0           2         213         389         340         363         386         350         394         396         371         393         365         386         394         375         398         383         397         394         395         396         396         391         377         364         352         380         365         353         340         329         320         309         277         291         283         276         251         245         254         248         242         239         232         226         212         217         213         208         204         193         197         193         196         186         183         175         183         179         176         173         166         160         161         162         163         154         152         150         154         148         146         144         142         142         140         140         135         132         134         135         132         131         128         123         123         123         120         121         121         117         117         114         113           0         110         109         108          98          96          96          92          90          83          86          90          83          78          78          78           1           1           1           1          71          73          78          78         104          99          97          97          98          99          97          97          88           0           0           0           0           0           0           0          84          87          91          84          86          81          84          82          79          77          80           1           1           1           1           1           1           0           0          76          74          74          72          72          71          64          67          73          11          71          68          65          69           5          68          10          10          66          66          67          66          65          61          63          64          60          63          64           1           6          64          57          59           0           0           0           0           0           0           0           1           0
 writing file "SKx/Coarsex-SrcKrnl-43005500000.grd"
 MaxWF,   3.4203E-05
 writing file "SKx/Coarsex-SrcKrnl-43005500000.z"
   start Generate Kernel @ 13:59:25.804 -------------------------
 SourceKernel,zeta_f,rs:   7000.0000000000000        0.0000000000000000                1   0.0000000000000000      43007000000         
 !KernelCreate, zeta_f, rs_0, Z_min, Z_max, N_phi0, phi_0:   7000.0000000000000        0.0000000000000000        10.000000000000000        20050.000000000000                1   0.0000000000000000     
 !KernelCreate, N_h, d_h, dN_tr, N_phir, d_crMax:         100  0.20000000000000001                5           5   20.000000000000000     
input parameters: zeta_f=  7000., rs_0=    0.0, Z_min=    10., Z_max= 20050., phi_0=    0., N_phi0=  1, DistMax=   500., label=43007000000         
hard set parameters: N_h= 100, h_range= 20.0, dN_tr=  5, N_phir=  5
 trhMax(1:2)           1         138 , N_h=         100
 i_h,N_h,i_t-1,N_tr-i_t-1:          30         100         138         258
  t_r [m]:    5500.0    5550.0    5600.0    5650.0    5700.0    5750.0    5800.0    5850.0    5900.0    5950.0    6000.0    6050.0    6100.0    6150.0    6200.0    6250.0    6300.0    6350.0    6400.0    6450.0    6500.0    6550.0    6600.0    6650.0    6700.0    6750.0    6800.0    6850.0    6900.0    6950.0    7000.0    7050.0    7100.0    7150.0    7200.0    7250.0    7300.0    7350.0    7400.0    7450.0    7500.0    7550.0    7600.0    7650.0    7700.0    7750.0    7800.0    7850.0    7900.0    7950.0    8000.0    8050.0    8100.0    8150.0    8200.0    8250.0    8300.0    8350.0    8400.0    8450.0    8500.0
h_max [m]:     0.100     0.100     0.100     0.100     0.100     0.100     0.100     0.100     0.100     0.100     0.100     0.100     0.100     0.100     0.100     0.100     0.100     0.100     0.100     0.100     0.100     0.100     0.100     0.100     0.100     0.100     0.100     0.100     0.100     0.100     0.100     0.100    -0.100    -0.100    -0.100    -0.100    -0.100    -0.100    -0.100    -0.100    -0.100     0.100     0.100     0.100     0.100    -0.300     0.100     0.100    -0.300    -0.700    -0.900    -0.500    -0.700    -0.900    -0.500    -0.300    -1.300    -1.500    -1.300    -1.300    -1.100
Value@max:  0.71E-07  0.82E-07  0.79E-07  0.91E-07  0.13E-06  0.13E-06  0.13E-06  0.17E-06  0.21E-06  0.22E-06  0.22E-06  0.28E-06  0.36E-06  0.38E-06  0.53E-06  0.62E-06  0.66E-06  0.90E-06  0.11E-05  0.14E-05  0.16E-05  0.22E-05  0.26E-05  0.33E-05  0.43E-05  0.58E-05  0.73E-05  0.11E-04  0.14E-04  0.17E-04  0.18E-04  0.26E-04  0.13E-04  0.78E-05  0.34E-05  0.13E-05 -0.62E-06 -0.16E-05 -0.26E-05 -0.29E-05 -0.32E-05 -0.36E-05 -0.35E-05 -0.36E-05 -0.35E-05 -0.35E-05 -0.35E-05 -0.33E-05 -0.33E-05 -0.32E-05 -0.30E-05 -0.29E-05 -0.28E-05 -0.27E-05 -0.26E-05 -0.24E-05 -0.24E-05 -0.23E-05 -0.22E-05 -0.21E-05 -0.20E-05
 trMax(:)           0           0           0           0           3           1           1           1           0           1           1           0           0           0           5           0           0           0           0           0           0           3           0           0          11           0          27          26           2         382         334         358         380         346         369         392         390         385         361         382         391         395         379         380         395         391         392         398         398         389         375         393         378         365         351         339         329         318         308         299         290         283         288         267         272         264         257         251         244         231         233         229         222         224         219         208         204         196         196         196         186         186         185         179         178         175         174         167         168         163         163         159         154         153         152         150         148           0         145         141         138         137         135         124         118         114         115         114         114         109         106         107         108           1           1           1          98          94          86          91          93          76         126         124          90         118         123         120         111         113         111           0           0           0           0           0           0         104         106         106         104         103         102          98         103         102          95          96           1           1           1           1           1           0           0          90          85          90          85          86          84          80          84          82          83           2          81          82          80          80          74          82          76          74          75          73          78          72          76           0           0          74          70          73          74           1          68          68          14           0          11           0           0           0           0           0           0           0           0           0
 writing file "SKx/Coarsex-SrcKrnl-43007000000.grd"
 MaxWF,   2.9650E-05
 writing file "SKx/Coarsex-SrcKrnl-43007000000.z"
   start Generate Kernel @ 14: 2:59.948 -------------------------
 SourceKernel,zeta_f,rs:   8500.0000000000000        0.0000000000000000                1   0.0000000000000000      43008500000         
 !KernelCreate, zeta_f, rs_0, Z_min, Z_max, N_phi0, phi_0:   8500.0000000000000        0.0000000000000000        10.000000000000000        20050.000000000000                1   0.0000000000000000     
 !KernelCreate, N_h, d_h, dN_tr, N_phir, d_crMax:         100  0.20000000000000001                5           5   20.000000000000000     
input parameters: zeta_f=  8500., rs_0=    0.0, Z_min=    10., Z_max= 20050., phi_0=    0., N_phi0=  1, DistMax=   500., label=43008500000         
hard set parameters: N_h= 100, h_range= 20.0, dN_tr=  5, N_phir=  5
 trhMax(1:2)           1         168 , N_h=         100
 i_h,N_h,i_t-1,N_tr-i_t-1:          30         100         168         228
  t_r [m]:    7000.0    7050.0    7100.0    7150.0    7200.0    7250.0    7300.0    7350.0    7400.0    7450.0    7500.0    7550.0    7600.0    7650.0    7700.0    7750.0    7800.0    7850.0    7900.0    7950.0    8000.0    8050.0    8100.0    8150.0    8200.0    8250.0    8300.0    8350.0    8400.0    8450.0    8500.0    8550.0    8600.0    8650.0    8700.0    8750.0    8800.0    8850.0    8900.0    8950.0    9000.0    9050.0    9100.0    9150.0    9200.0    9250.0    9300.0    9350.0    9400.0    9450.0    9500.0    9550.0    9600.0    9650.0    9700.0    9750.0    9800.0    9850.0    9900.0    9950.0   10000.0
h_max [m]:     0.100     0.100     0.100     0.100     0.100     0.100     0.100     0.100     0.100     0.100     0.100     0.100     0.100     0.100     0.100     0.100     0.100     0.100     0.100     0.100     0.100     0.100     0.100     0.100     0.100     0.100     0.100     0.100     0.100     0.100     0.100     0.100     0.100    -0.100    -0.100    -0.100    -0.100    -0.100    -0.100    -0.100    -0.100    -0.100     0.100    -0.100     0.100     0.100     0.100     0.100     0.100     0.100    -0.100    -0.100    -0.100     0.100    -0.300    -0.100    -0.500    -0.300    -0.700    -0.700    -0.900
Value@max:  0.36E-07  0.37E-07  0.50E-07  0.58E-07  0.60E-07  0.70E-07  0.89E-07  0.99E-07  0.11E-06  0.13E-06  0.16E-06  0.18E-06  0.18E-06  0.27E-06  0.32E-06  0.38E-06  0.48E-06  0.55E-06  0.74E-06  0.89E-06  0.12E-05  0.13E-05  0.20E-05  0.26E-05  0.32E-05  0.45E-05  0.62E-05  0.81E-05  0.12E-04  0.16E-04  0.19E-04  0.26E-04  0.14E-04  0.76E-05  0.41E-05  0.16E-05  0.12E-06 -0.12E-05 -0.21E-05 -0.26E-05 -0.29E-05 -0.31E-05 -0.32E-05 -0.33E-05 -0.33E-05 -0.33E-05 -0.32E-05 -0.31E-05 -0.30E-05 -0.29E-05 -0.28E-05 -0.27E-05 -0.26E-05 -0.25E-05 -0.24E-05 -0.23E-05 -0.22E-05 -0.21E-05 -0.20E-05 -0.19E-05 -0.19E-05
 trMax(:)           0           0           0           0           0           0           0           0           0           0           0           0           0           0           0           0           0           0           0           2           1           1           0           1           6           0           0           0           0           0           0           0           0           0           0           0           0           0           2           0           3           0           1         113         369         378         360         382         385         362         385         398         375         397         372         393         398         389         394         386         393         397         398         396         382         391         376         363         350         357         327         331         320         310         289         291         282         266         275         267         252         259         246         234         233         224         222         217         212         206         203         197         195           1         189         187           0         178         175         172         168         165         155         148         141         140         136         134         133         129         128         121           1           1           1         111           1         109         113         104          91          92           3         100         142         143         134          93         130         130           2           0           0           0           0           0           0         122         119         118         118         117         118         115         114         106         112           1           1           1           1           1           1           0          99           0         103         102          91          98          96          97          88          92          95          95          89           2          94           2          89           1          82          88          85           0          87          82          77           0          82          82          81          82           1          10          77          16           0           0           0           0           0           0           0           0           0           1           1          69
 writing file "SKx/Coarsex-SrcKrnl-43008500000.grd"
 MaxWF,   3.3445E-05
 writing file "SKx/Coarsex-SrcKrnl-43008500000.z"
   start Generate Kernel @ 14: 6:27.256 -------------------------
 SourceKernel,zeta_f,rs:   10000.000000000000        0.0000000000000000                1   0.0000000000000000      43010000000         
 !KernelCreate, zeta_f, rs_0, Z_min, Z_max, N_phi0, phi_0:   10000.000000000000        0.0000000000000000        10.000000000000000        20050.000000000000                1   0.0000000000000000     
 !KernelCreate, N_h, d_h, dN_tr, N_phir, d_crMax:         100  0.20000000000000001                5           5   20.000000000000000     
input parameters: zeta_f= 10000., rs_0=    0.0, Z_min=    10., Z_max= 20050., phi_0=    0., N_phi0=  1, DistMax=   500., label=43010000000         
hard set parameters: N_h= 100, h_range= 20.0, dN_tr=  5, N_phir=  5
 trhMax(1:2)           1         198 , N_h=         100
 i_h,N_h,i_t-1,N_tr-i_t-1:          30         100         198         198
  t_r [m]:    8500.0    8550.0    8600.0    8650.0    8700.0    8750.0    8800.0    8850.0    8900.0    8950.0    9000.0    9050.0    9100.0    9150.0    9200.0    9250.0    9300.0    9350.0    9400.0    9450.0    9500.0    9550.0    9600.0    9650.0    9700.0    9750.0    9800.0    9850.0    9900.0    9950.0   10000.0   10050.0   10100.0   10150.0   10200.0   10250.0   10300.0   10350.0   10400.0   10450.0   10500.0   10550.0   10600.0   10650.0   10700.0   10750.0   10800.0   10850.0   10900.0   10950.0   11000.0   11050.0   11100.0   11150.0   11200.0   11250.0   11300.0   11350.0   11400.0   11450.0   11500.0
h_max [m]:     0.300     0.100     0.100     0.100     0.100     0.100     0.100     0.100     0.100     0.100     0.100     0.100     0.100     0.100     0.100     0.100     0.100     0.100     0.100     0.100     0.100     0.100     0.100     0.100     0.100     0.100     0.100     0.100     0.100     0.100     0.100     0.100     0.100     0.100    -0.100    -0.100    -0.100    -0.100    -0.100    -0.100    -0.100    -0.100     0.100     0.100     0.100     0.100     0.100     0.100     0.100     0.100     0.100     0.100     0.100    -0.100    -0.100    -0.100     0.100    -0.100    -0.300     0.100     0.100
Value@max:  0.19E-07  0.23E-07  0.27E-07  0.30E-07  0.33E-07  0.42E-07  0.49E-07  0.51E-07  0.70E-07  0.79E-07  0.87E-07  0.11E-06  0.14E-06  0.15E-06  0.19E-06  0.25E-06  0.26E-06  0.40E-06  0.47E-06  0.62E-06  0.73E-06  0.10E-05  0.12E-05  0.18E-05  0.24E-05  0.34E-05  0.46E-05  0.70E-05  0.10E-04  0.15E-04  0.19E-04  0.26E-04  0.14E-04  0.83E-05  0.42E-05  0.16E-05  0.24E-07 -0.13E-05 -0.19E-05 -0.23E-05 -0.28E-05 -0.29E-05 -0.30E-05 -0.30E-05 -0.31E-05 -0.30E-05 -0.29E-05 -0.29E-05 -0.27E-05 -0.27E-05 -0.26E-05 -0.25E-05 -0.24E-05 -0.23E-05 -0.22E-05 -0.21E-05 -0.20E-05 -0.19E-05 -0.19E-05 -0.18E-05 -0.17E-05
 trMax(:)           0           0           0           0           0           0           0           0           0           0           0           0           0           0           0           0           0           0           0           0           0           0           0           0           0           0           0           0           6           2           1           3           0           0           2           0           0           0           0           1           0           0           0           0           0           0           0           0           3           0           6           0           1           0           1         390         397         369         390         352         376         397         371         392         396         379         388         398         395         398         392         396         394         398         398         384         387         388         357         345         332         321         310         308         291         290         293         267         264         256         247         246           1         235           0           0         217         215         208         203         198         194         178         174         170         165         158         153         151         150         143           1           1           1         133           1         121         119         122         104           3         109         110         105         106         153         151         109           2           0           0           0           0           0           0           0         131         132         132         131         129         132         123         122         125         117           1           1           1           1           1           1           0         107           0          13          21         103         110         109         106         105         103         100          19         102           8           2           4           2          93          96          91          95           0          22           0          85           0          88          44          12           8          81          20          13          84          77           0           0           0           0           0           0           0           0           0           1          10           1
 writing file "SKx/Coarsex-SrcKrnl-43010000000.grd"
 MaxWF,   3.0611E-05
 writing file "SKx/Coarsex-SrcKrnl-43010000000.z"
   start Generate Kernel @ 14: 9:48.876 -------------------------
 SourceKernel,zeta_f,rs:   12000.000000000000        0.0000000000000000                1   0.0000000000000000      43012000000         
 !KernelCreate, zeta_f, rs_0, Z_min, Z_max, N_phi0, phi_0:   12000.000000000000        0.0000000000000000        10.000000000000000        20050.000000000000                1   0.0000000000000000     
 !KernelCreate, N_h, d_h, dN_tr, N_phir, d_crMax:         100  0.20000000000000001                5           5   20.000000000000000     
input parameters: zeta_f= 12000., rs_0=    0.0, Z_min=    10., Z_max= 20050., phi_0=    0., N_phi0=  1, DistMax=   500., label=43012000000         
hard set parameters: N_h= 100, h_range= 20.0, dN_tr=  5, N_phir=  5
 trhMax(1:2)          -6           0 , N_h=         100
 i_h,N_h,i_t-1,N_tr-i_t-1:          30         100         238         158
  t_r [m]:   10500.0   10550.0   10600.0   10650.0   10700.0   10750.0   10800.0   10850.0   10900.0   10950.0   11000.0   11050.0   11100.0   11150.0   11200.0   11250.0   11300.0   11350.0   11400.0   11450.0   11500.0   11550.0   11600.0   11650.0   11700.0   11750.0   11800.0   11850.0   11900.0   11950.0   12000.0   12050.0   12100.0   12150.0   12200.0   12250.0   12300.0   12350.0   12400.0   12450.0   12500.0   12550.0   12600.0   12650.0   12700.0   12750.0   12800.0   12850.0   12900.0   12950.0   13000.0   13050.0   13100.0   13150.0   13200.0   13250.0   13300.0   13350.0   13400.0   13450.0   13500.0
h_max [m]:     0.100     0.100     0.100     0.100     0.100     0.100     0.100     0.100     0.100     0.100     0.100     0.100     0.100     0.100     0.100     0.100     0.100     0.100     0.100     0.100     0.100     0.100     0.100     0.100     0.100     0.100     0.100     0.100     0.100     0.100     0.100     0.100     0.100     0.100     0.100     0.100    -0.100    -0.100    -0.100    -0.100    -0.100     0.100     0.100     0.100     0.100     0.100     0.100     0.100     0.100     0.100     0.100     0.100     0.100     0.100     0.100     0.100     0.100     0.100     0.100     0.100     0.100
Value@max:  0.74E-08  0.81E-08  0.10E-07  0.12E-07  0.15E-07  0.18E-07  0.22E-07  0.25E-07  0.31E-07  0.38E-07  0.45E-07  0.59E-07  0.69E-07  0.83E-07  0.11E-06  0.12E-06  0.16E-06  0.21E-06  0.29E-06  0.37E-06  0.45E-06  0.61E-06  0.85E-06  0.11E-05  0.16E-05  0.22E-05  0.34E-05  0.52E-05  0.80E-05  0.13E-04  0.19E-04  0.26E-04  0.14E-04  0.79E-05  0.41E-05  0.16E-05  0.76E-07 -0.10E-05 -0.17E-05 -0.23E-05 -0.24E-05 -0.27E-05 -0.27E-05 -0.28E-05 -0.27E-05 -0.27E-05 -0.26E-05 -0.26E-05 -0.25E-05 -0.24E-05 -0.23E-05 -0.22E-05 -0.22E-05 -0.21E-05 -0.20E-05 -0.19E-05 -0.18E-05 -0.17E-05 -0.17E-05 -0.16E-05 -0.15E-05
 trMax(:)           0           0           0           0           0           0           0           0           0           0           0           0           0           0           0           0           0           0           0           0           0           0           0           0           0           0           0           0           0           0           0           0           0           0           0           0           0           0           2           1           2           0           2           0           0           1           0           0           0           0           0           0           0           0           0           0           0           0           0           0           0           0           0           0         383         395         366         388         394         387         397         386         396         397         398         398         391         392         392         394         398         398         398         394         392         377         371         369         351         338           2           1         299           0           0         280         268         260         253         244         237         231         219         203         201         192         189         185         174         172           1           1           1         161         132         147         147         141         142           3           3           3         130         131         181         176         176           2           0           0           0           0           0           0           0         152         150         143         149         145         143         144         140         136         139           1           1           1           1           1           1           0         126           3         120         116         119         114         113         112         111         104          26           2           2         106           2           2          13           1           0         100         100           0          93           0          24           0           0          99          14          88           0          87          92          13           0          90           0           0           0           0           0           0           0           1           1           1           1           1
 writing file "SKx/Coarsex-SrcKrnl-43012000000.grd"
 MaxWF,   3.6978E-05
 writing file "SKx/Coarsex-SrcKrnl-43012000000.z"
   start Generate Kernel @ 14:13: 4.676 -------------------------
 SourceKernel,zeta_f,rs:   14000.000000000000        0.0000000000000000                1   0.0000000000000000      43014000000         
 !KernelCreate, zeta_f, rs_0, Z_min, Z_max, N_phi0, phi_0:   14000.000000000000        0.0000000000000000        10.000000000000000        20050.000000000000                1   0.0000000000000000     
 !KernelCreate, N_h, d_h, dN_tr, N_phir, d_crMax:         100  0.20000000000000001                5           5   20.000000000000000     
input parameters: zeta_f= 14000., rs_0=    0.0, Z_min=    10., Z_max= 20050., phi_0=    0., N_phi0=  1, DistMax=   500., label=43014000000         
hard set parameters: N_h= 100, h_range= 20.0, dN_tr=  5, N_phir=  5
 trhMax(1:2)          -7           0 , N_h=         100
 i_h,N_h,i_t-1,N_tr-i_t-1:          30         100         278         118
  t_r [m]:   12500.0   12550.0   12600.0   12650.0   12700.0   12750.0   12800.0   12850.0   12900.0   12950.0   13000.0   13050.0   13100.0   13150.0   13200.0   13250.0   13300.0   13350.0   13400.0   13450.0   13500.0   13550.0   13600.0   13650.0   13700.0   13750.0   13800.0   13850.0   13900.0   13950.0   14000.0   14050.0   14100.0   14150.0   14200.0   14250.0   14300.0   14350.0   14400.0   14450.0   14500.0   14550.0   14600.0   14650.0   14700.0   14750.0   14800.0   14850.0   14900.0   14950.0   15000.0   15050.0   15100.0   15150.0   15200.0   15250.0   15300.0   15350.0   15400.0   15450.0   15500.0
h_max [m]:     0.100     0.100     0.100     0.100     0.100     0.100     0.100     0.100     0.100     0.100     0.100     0.100     0.100     0.100     0.100     0.100     0.100     0.100     0.100     0.100     0.100     0.100     0.100     0.100     0.100     0.100     0.100     0.100     0.100     0.100     0.100     0.100     0.100     0.100     0.100     0.100     0.100     0.100     0.100     0.100     0.100     0.100     0.100     0.100     0.100     0.100     0.100     0.100     0.100     0.100     0.100     0.100     0.100     0.100     0.100     0.100     0.100     0.100     0.100     0.100     0.100
Value@max:  0.26E-08  0.33E-08  0.38E-08  0.46E-08  0.61E-08  0.74E-08  0.94E-08  0.12E-07  0.15E-07  0.19E-07  0.21E-07  0.29E-07  0.34E-07  0.48E-07  0.58E-07  0.74E-07  0.91E-07  0.11E-06  0.15E-06  0.20E-06  0.30E-06  0.36E-06  0.53E-06  0.76E-06  0.11E-05  0.16E-05  0.25E-05  0.38E-05  0.62E-05  0.11E-04  0.18E-04  0.25E-04  0.14E-04  0.75E-05  0.39E-05  0.16E-05  0.18E-07 -0.95E-06 -0.16E-05 -0.20E-05 -0.23E-05 -0.24E-05 -0.25E-05 -0.25E-05 -0.25E-05 -0.25E-05 -0.24E-05 -0.24E-05 -0.23E-05 -0.22E-05 -0.21E-05 -0.20E-05 -0.19E-05 -0.19E-05 -0.18E-05 -0.17E-05 -0.16E-05 -0.16E-05 -0.15E-05 -0.14E-05 -0.14E-05
 trMax(:)           0           0           0           0           0           0           0           0           0           0           0           0           0           0           0           0           0           0           0           0           0           0           0           0           0           0           0           0           0           0           0           0           0           0           0           0           0           0           0           0           0           0           0           0           3           1           2           1           2           1           0           0           0           0           0           0           0           0           0           0           0           0           0           0           0           0           2           0           0           0           0           0         379         375         398         392         386         385         378         393         392         398         392         392         398         398         394         397           6           2           1           1           0           0         341         334         320         307         300         287         276         268         251         234         227         224         211         213         203           1           1           1         185         165         172         165         171         171           3         149           3         130         151         204         201         195           2           2           0           0           0           0           0           0         170         164         165         163         155         150         154         157         152         156           1           1           1           1           1           1           1         129           0         133         132         130         125         124         120         125         120         123         118           2           2           2           2           0           1           0           0         109           0          99           0           1         103           0          95          94         103           0           3          91           3           3          89           0           0           0           0           0           0           0           1           1           1           1           1          62
 writing file "SKx/Coarsex-SrcKrnl-43014000000.grd"
 MaxWF,   3.4870E-05
 writing file "SKx/Coarsex-SrcKrnl-43014000000.z"
   start Generate Kernel @ 14:16:18.328 -------------------------
 SourceKernel,zeta_f,rs:   17000.000000000000        0.0000000000000000                1   0.0000000000000000      43017000000         
 !KernelCreate, zeta_f, rs_0, Z_min, Z_max, N_phi0, phi_0:   17000.000000000000        0.0000000000000000        10.000000000000000        20050.000000000000                1   0.0000000000000000     
 !KernelCreate, N_h, d_h, dN_tr, N_phir, d_crMax:         100  0.20000000000000001                5           5   20.000000000000000     
input parameters: zeta_f= 17000., rs_0=    0.0, Z_min=    10., Z_max= 20050., phi_0=    0., N_phi0=  1, DistMax=   500., label=43017000000         
hard set parameters: N_h= 100, h_range= 20.0, dN_tr=  5, N_phir=  5
 trhMax(1:2)           1         334 , N_h=         100
 i_h,N_h,i_t-1,N_tr-i_t-1:          30         100         338          58
  t_r [m]:   15500.0   15550.0   15600.0   15650.0   15700.0   15750.0   15800.0   15850.0   15900.0   15950.0   16000.0   16050.0   16100.0   16150.0   16200.0   16250.0   16300.0   16350.0   16400.0   16450.0   16500.0   16550.0   16600.0   16650.0   16700.0   16750.0   16800.0   16850.0   16900.0   16950.0   17000.0   17050.0   17100.0   17150.0   17200.0   17250.0   17300.0   17350.0   17400.0   17450.0   17500.0   17550.0   17600.0   17650.0   17700.0   17750.0   17800.0   17850.0   17900.0   17950.0   18000.0   18050.0   18100.0   18150.0   18200.0   18250.0   18300.0   18350.0   18400.0   18450.0   18500.0
h_max [m]:     0.100     0.100     0.100     0.100     0.100     0.100     0.100     0.100     0.100     0.100     0.100     0.100     0.100     0.100     0.100     0.100     0.100     0.100     0.100     0.100     0.100     0.100     0.100     0.100     0.100     0.100     0.100     0.100     0.100     0.100     0.100     0.100     0.100     0.100     0.100     0.100     0.100     0.100     0.100     0.100     0.100     0.100     0.100     0.100     0.100     0.100     0.100     0.100     0.100     0.100     0.100     0.100     0.100     0.100     0.100     0.100     0.100     0.100     0.100     0.100     0.100
Value@max:  0.35E-09  0.56E-09  0.83E-09  0.91E-09  0.14E-08  0.19E-08  0.27E-08  0.31E-08  0.41E-08  0.59E-08  0.79E-08  0.93E-08  0.14E-07  0.17E-07  0.23E-07  0.29E-07  0.43E-07  0.51E-07  0.74E-07  0.94E-07  0.14E-06  0.19E-06  0.28E-06  0.42E-06  0.65E-06  0.96E-06  0.16E-05  0.25E-05  0.45E-05  0.86E-05  0.16E-04  0.24E-04  0.13E-04  0.70E-05  0.36E-05  0.13E-05 -0.31E-07 -0.94E-06 -0.15E-05 -0.18E-05 -0.21E-05 -0.22E-05 -0.22E-05 -0.22E-05 -0.22E-05 -0.22E-05 -0.21E-05 -0.20E-05 -0.20E-05 -0.19E-05 -0.18E-05 -0.18E-05 -0.17E-05 -0.16E-05 -0.16E-05 -0.15E-05 -0.14E-05 -0.14E-05 -0.13E-05 -0.13E-05 -0.12E-05
 trMax(:)           0           0           0           0           0           0           0           0           0           0           0           0           0           0           0           0           0           0           0           0           0           0           0           0           0           0           0           0           0           0           0           0           0           0           0           0           0           0           0           0           0           0           0           0           0           0           0           0           0           0           0           2           3           2           0           1           1           0           0           0           0           0           0           0           0           0           0           0           0           0           0           0           0           0           0           0           0           0           0           0           1           0           1           3           3           4           6           5           2           1           1           0           0           0           5           4         398         389         369         350         334         324         304         281         268         263         249         248           1           1         229         204         207         206         176         185           3           3         181         157         158         159         156         235         225           5           2           0           0           0           0           0           0         189           0         180         181         183         176         170         176         166           0           1           1           1           1           1           1           0         148           3         140           0         137         134         136         131           1         133           7           0           2           2           2           0           2           1           0         119         114           2         117         105           0          34          18           8           0           0           0           3          97           3           3          20           0           0           0           0           0           0           0           1           1           1           1           1          23           0
 writing file "SKx/Coarsex-SrcKrnl-43017000000.grd"
 MaxWF,   2.8192E-05
 writing file "SKx/Coarsex-SrcKrnl-43017000000.z"
   start Generate Kernel @ 14:19:30.840 -------------------------
 SourceKernel,zeta_f,rs:   20000.000000000000        0.0000000000000000                1   0.0000000000000000      43020000000         
 !KernelCreate, zeta_f, rs_0, Z_min, Z_max, N_phi0, phi_0:   20000.000000000000        0.0000000000000000        10.000000000000000        20050.000000000000                1   0.0000000000000000     
 !KernelCreate, N_h, d_h, dN_tr, N_phir, d_crMax:         100  0.20000000000000001                5           5   20.000000000000000     
input parameters: zeta_f= 20000., rs_0=    0.0, Z_min=    10., Z_max= 20050., phi_0=    0., N_phi0=  1, DistMax=   500., label=43020000000         
hard set parameters: N_h= 100, h_range= 20.0, dN_tr=  5, N_phir=  5
 trhMax(1:2)          -9           0 , N_h=         100
 i_h,N_h,i_t-1,N_tr-i_t-1:          -2         100         398          -2
  t_r [m]:
h_max [m]:
Value@max:
 trMax(:)           0           0           0           0           0           0           0           0           0           0           0           0           0           0           0           0           0           0           0           0           0           0           0           0           0           0           0           0           0           0           0           0           0           0           0           0           0           0           0           0           0           0           0           0           0           0           0           0           0           0           0           0           0           0           0           4           2           2           2           1           1           1           0           0           0           0           0           0           0           0           0           0           0           0           0           0           0           1           0           2           1           1           1           1           2           4           6           2           1           1           0           0           0           5           4           4           3           3         274         398         392         378         349         329         320         303         289           1           1           1           4         245         243         219         218         212           3           3           3         142         174         152         154         145           2           2           0           0           0           0           0           0         212           4           4           7         194         191         188         181         179         180           0           1           1           1           1           1         164         162           3         148           0         152          11         142         143         143          14         141         138           2           4           2           4           0           1           0          22         126           0          28           2           0         114           0          39          24          14           3           3           3           3           1         104           0           0           0           0           0           0           0           1           1          22           1           1           1           1          21
 writing file "SKx/Coarsex-SrcKrnl-43020000000.grd"
 MaxWF,   3.1634E-05
 writing file "SKx/Coarsex-SrcKrnl-43020000000.z"
 shellin:nohup ./AfigSKxGenK.sh  >AfigSKxGenK.sh.log 2>&1  &                                                 
 AfigSKxGenK.sh  is submitted
